{"/Users/nico/Development/BQApp/public/script.js": {"path":"/Users/nico/Development/BQApp/public/script.js","statementMap":{"0":{"start":{"line":1,"column":0},"end":{"line":270,"column":3}},"1":{"start":{"line":2,"column":26},"end":{"line":2,"column":67}},"2":{"start":{"line":3,"column":27},"end":{"line":3,"column":69}},"3":{"start":{"line":4,"column":25},"end":{"line":4,"column":65}},"4":{"start":{"line":5,"column":24},"end":{"line":5,"column":60}},"5":{"start":{"line":6,"column":23},"end":{"line":6,"column":58}},"6":{"start":{"line":7,"column":38},"end":{"line":7,"column":84}},"7":{"start":{"line":8,"column":36},"end":{"line":8,"column":80}},"8":{"start":{"line":9,"column":38},"end":{"line":9,"column":84}},"9":{"start":{"line":10,"column":26},"end":{"line":18,"column":5}},"10":{"start":{"line":20,"column":22},"end":{"line":20,"column":23}},"11":{"start":{"line":21,"column":16},"end":{"line":21,"column":18}},"12":{"start":{"line":22,"column":27},"end":{"line":22,"column":29}},"13":{"start":{"line":23,"column":29},"end":{"line":23,"column":31}},"14":{"start":{"line":24,"column":23},"end":{"line":24,"column":25}},"15":{"start":{"line":25,"column":21},"end":{"line":25,"column":23}},"16":{"start":{"line":29,"column":8},"end":{"line":29,"column":53}},"17":{"start":{"line":34,"column":24},"end":{"line":34,"column":51}},"18":{"start":{"line":35,"column":8},"end":{"line":40,"column":9}},"19":{"start":{"line":36,"column":27},"end":{"line":36,"column":48}},"20":{"start":{"line":37,"column":12},"end":{"line":39,"column":13}},"21":{"start":{"line":38,"column":16},"end":{"line":38,"column":33}},"22":{"start":{"line":41,"column":8},"end":{"line":41,"column":20}},"23":{"start":{"line":46,"column":8},"end":{"line":51,"column":9}},"24":{"start":{"line":46,"column":21},"end":{"line":46,"column":23}},"25":{"start":{"line":47,"column":27},"end":{"line":47,"column":59}},"26":{"start":{"line":48,"column":12},"end":{"line":48,"column":29}},"27":{"start":{"line":49,"column":12},"end":{"line":49,"column":48}},"28":{"start":{"line":50,"column":12},"end":{"line":50,"column":47}},"29":{"start":{"line":55,"column":26},"end":{"line":55,"column":60}},"30":{"start":{"line":56,"column":8},"end":{"line":56,"column":36}},"31":{"start":{"line":57,"column":8},"end":{"line":62,"column":9}},"32":{"start":{"line":57,"column":21},"end":{"line":57,"column":22}},"33":{"start":{"line":58,"column":27},"end":{"line":58,"column":59}},"34":{"start":{"line":59,"column":12},"end":{"line":59,"column":29}},"35":{"start":{"line":60,"column":12},"end":{"line":60,"column":46}},"36":{"start":{"line":61,"column":12},"end":{"line":61,"column":45}},"37":{"start":{"line":66,"column":8},"end":{"line":66,"column":51}},"38":{"start":{"line":70,"column":8},"end":{"line":82,"column":9}},"39":{"start":{"line":72,"column":12},"end":{"line":72,"column":104}},"40":{"start":{"line":75,"column":33},"end":{"line":75,"column":87}},"41":{"start":{"line":75,"column":54},"end":{"line":75,"column":86}},"42":{"start":{"line":76,"column":12},"end":{"line":76,"column":76}},"43":{"start":{"line":77,"column":25},"end":{"line":77,"column":52}},"44":{"start":{"line":78,"column":36},"end":{"line":78,"column":82}},"45":{"start":{"line":79,"column":12},"end":{"line":81,"column":14}},"46":{"start":{"line":86,"column":8},"end":{"line":86,"column":64}},"47":{"start":{"line":90,"column":31},"end":{"line":90,"column":43}},"48":{"start":{"line":91,"column":36},"end":{"line":91,"column":104}},"49":{"start":{"line":92,"column":8},"end":{"line":92,"column":70}},"50":{"start":{"line":93,"column":8},"end":{"line":93,"column":74}},"51":{"start":{"line":94,"column":8},"end":{"line":94,"column":68}},"52":{"start":{"line":98,"column":31},"end":{"line":98,"column":89}},"53":{"start":{"line":99,"column":8},"end":{"line":103,"column":9}},"54":{"start":{"line":100,"column":12},"end":{"line":100,"column":43}},"55":{"start":{"line":101,"column":12},"end":{"line":101,"column":44}},"56":{"start":{"line":102,"column":12},"end":{"line":102,"column":33}},"57":{"start":{"line":106,"column":4},"end":{"line":108,"column":7}},"58":{"start":{"line":107,"column":8},"end":{"line":107,"column":53}},"59":{"start":{"line":110,"column":4},"end":{"line":148,"column":7}},"60":{"start":{"line":112,"column":8},"end":{"line":112,"column":36}},"61":{"start":{"line":114,"column":33},"end":{"line":114,"column":61}},"62":{"start":{"line":115,"column":32},"end":{"line":115,"column":52}},"63":{"start":{"line":116,"column":30},"end":{"line":116,"column":48}},"64":{"start":{"line":117,"column":33},"end":{"line":117,"column":75}},"65":{"start":{"line":119,"column":25},"end":{"line":119,"column":27}},"66":{"start":{"line":121,"column":8},"end":{"line":136,"column":9}},"67":{"start":{"line":122,"column":12},"end":{"line":122,"column":71}},"68":{"start":{"line":123,"column":12},"end":{"line":123,"column":47}},"69":{"start":{"line":126,"column":34},"end":{"line":126,"column":73}},"70":{"start":{"line":127,"column":12},"end":{"line":129,"column":13}},"71":{"start":{"line":128,"column":16},"end":{"line":128,"column":60}},"72":{"start":{"line":131,"column":12},"end":{"line":134,"column":14}},"73":{"start":{"line":135,"column":12},"end":{"line":135,"column":49}},"74":{"start":{"line":139,"column":8},"end":{"line":139,"column":27}},"75":{"start":{"line":140,"column":8},"end":{"line":140,"column":62}},"76":{"start":{"line":141,"column":8},"end":{"line":141,"column":27}},"77":{"start":{"line":144,"column":8},"end":{"line":147,"column":12}},"78":{"start":{"line":150,"column":4},"end":{"line":166,"column":7}},"79":{"start":{"line":152,"column":8},"end":{"line":152,"column":37}},"80":{"start":{"line":154,"column":8},"end":{"line":157,"column":9}},"81":{"start":{"line":155,"column":12},"end":{"line":155,"column":61}},"82":{"start":{"line":156,"column":12},"end":{"line":156,"column":19}},"83":{"start":{"line":158,"column":8},"end":{"line":158,"column":22}},"84":{"start":{"line":159,"column":8},"end":{"line":159,"column":31}},"85":{"start":{"line":162,"column":8},"end":{"line":165,"column":12}},"86":{"start":{"line":168,"column":4},"end":{"line":190,"column":66}},"87":{"start":{"line":169,"column":22},"end":{"line":169,"column":37}},"88":{"start":{"line":171,"column":8},"end":{"line":171,"column":43}},"89":{"start":{"line":172,"column":8},"end":{"line":188,"column":9}},"90":{"start":{"line":173,"column":12},"end":{"line":173,"column":31}},"91":{"start":{"line":174,"column":12},"end":{"line":174,"column":41}},"92":{"start":{"line":175,"column":12},"end":{"line":175,"column":26}},"93":{"start":{"line":176,"column":12},"end":{"line":176,"column":31}},"94":{"start":{"line":179,"column":35},"end":{"line":179,"column":56}},"95":{"start":{"line":180,"column":12},"end":{"line":185,"column":13}},"96":{"start":{"line":181,"column":47},"end":{"line":181,"column":73}},"97":{"start":{"line":182,"column":16},"end":{"line":182,"column":43}},"98":{"start":{"line":183,"column":16},"end":{"line":183,"column":47}},"99":{"start":{"line":184,"column":16},"end":{"line":184,"column":35}},"100":{"start":{"line":187,"column":12},"end":{"line":187,"column":74}},"101":{"start":{"line":190,"column":20},"end":{"line":190,"column":64}},"102":{"start":{"line":193,"column":4},"end":{"line":198,"column":7}},"103":{"start":{"line":194,"column":8},"end":{"line":197,"column":9}},"104":{"start":{"line":195,"column":12},"end":{"line":195,"column":33}},"105":{"start":{"line":196,"column":12},"end":{"line":196,"column":35}},"106":{"start":{"line":200,"column":4},"end":{"line":205,"column":7}},"107":{"start":{"line":201,"column":8},"end":{"line":204,"column":9}},"108":{"start":{"line":202,"column":12},"end":{"line":202,"column":32}},"109":{"start":{"line":203,"column":12},"end":{"line":203,"column":35}},"110":{"start":{"line":207,"column":4},"end":{"line":212,"column":7}},"111":{"start":{"line":208,"column":8},"end":{"line":211,"column":9}},"112":{"start":{"line":209,"column":12},"end":{"line":209,"column":31}},"113":{"start":{"line":210,"column":12},"end":{"line":210,"column":35}},"114":{"start":{"line":214,"column":4},"end":{"line":219,"column":7}},"115":{"start":{"line":215,"column":8},"end":{"line":218,"column":9}},"116":{"start":{"line":216,"column":12},"end":{"line":216,"column":31}},"117":{"start":{"line":217,"column":12},"end":{"line":217,"column":35}},"118":{"start":{"line":221,"column":4},"end":{"line":239,"column":7}},"119":{"start":{"line":222,"column":20},"end":{"line":222,"column":29}},"120":{"start":{"line":223,"column":8},"end":{"line":238,"column":9}},"121":{"start":{"line":224,"column":12},"end":{"line":224,"column":32}},"122":{"start":{"line":225,"column":12},"end":{"line":229,"column":13}},"123":{"start":{"line":226,"column":16},"end":{"line":226,"column":44}},"124":{"start":{"line":227,"column":16},"end":{"line":227,"column":34}},"125":{"start":{"line":228,"column":16},"end":{"line":228,"column":39}},"126":{"start":{"line":230,"column":15},"end":{"line":238,"column":9}},"127":{"start":{"line":231,"column":12},"end":{"line":235,"column":13}},"128":{"start":{"line":232,"column":16},"end":{"line":232,"column":44}},"129":{"start":{"line":233,"column":16},"end":{"line":233,"column":34}},"130":{"start":{"line":234,"column":16},"end":{"line":234,"column":39}},"131":{"start":{"line":237,"column":12},"end":{"line":237,"column":30}},"132":{"start":{"line":241,"column":4},"end":{"line":263,"column":7}},"133":{"start":{"line":242,"column":20},"end":{"line":242,"column":29}},"134":{"start":{"line":243,"column":8},"end":{"line":262,"column":9}},"135":{"start":{"line":244,"column":12},"end":{"line":244,"column":30}},"136":{"start":{"line":245,"column":12},"end":{"line":252,"column":13}},"137":{"start":{"line":246,"column":39},"end":{"line":246,"column":98}},"138":{"start":{"line":247,"column":16},"end":{"line":251,"column":17}},"139":{"start":{"line":248,"column":20},"end":{"line":248,"column":52}},"140":{"start":{"line":249,"column":20},"end":{"line":249,"column":36}},"141":{"start":{"line":250,"column":20},"end":{"line":250,"column":43}},"142":{"start":{"line":253,"column":15},"end":{"line":262,"column":9}},"143":{"start":{"line":254,"column":35},"end":{"line":254,"column":94}},"144":{"start":{"line":255,"column":12},"end":{"line":259,"column":13}},"145":{"start":{"line":256,"column":16},"end":{"line":256,"column":48}},"146":{"start":{"line":257,"column":16},"end":{"line":257,"column":32}},"147":{"start":{"line":258,"column":16},"end":{"line":258,"column":39}},"148":{"start":{"line":261,"column":12},"end":{"line":261,"column":28}},"149":{"start":{"line":268,"column":4},"end":{"line":268,"column":31}},"150":{"start":{"line":269,"column":4},"end":{"line":269,"column":33}}},"fnMap":{"0":{"name":"(anonymous_0)","decl":{"start":{"line":1,"column":46},"end":{"line":1,"column":47}},"loc":{"start":{"line":1,"column":57},"end":{"line":270,"column":1}},"line":1},"1":{"name":"setCookie","decl":{"start":{"line":28,"column":13},"end":{"line":28,"column":22}},"loc":{"start":{"line":28,"column":36},"end":{"line":30,"column":5}},"line":28},"2":{"name":"getCookie","decl":{"start":{"line":33,"column":13},"end":{"line":33,"column":22}},"loc":{"start":{"line":33,"column":29},"end":{"line":42,"column":5}},"line":33},"3":{"name":"populateChaptersDropdown","decl":{"start":{"line":45,"column":13},"end":{"line":45,"column":37}},"loc":{"start":{"line":45,"column":40},"end":{"line":52,"column":5}},"line":45},"4":{"name":"populateVersesDropdown","decl":{"start":{"line":54,"column":13},"end":{"line":54,"column":35}},"loc":{"start":{"line":54,"column":53},"end":{"line":63,"column":5}},"line":54},"5":{"name":"getNumberOfVerses","decl":{"start":{"line":65,"column":13},"end":{"line":65,"column":30}},"loc":{"start":{"line":65,"column":48},"end":{"line":67,"column":5}},"line":65},"6":{"name":"displayWord","decl":{"start":{"line":69,"column":13},"end":{"line":69,"column":24}},"loc":{"start":{"line":69,"column":27},"end":{"line":83,"column":5}},"line":69},"7":{"name":"(anonymous_7)","decl":{"start":{"line":75,"column":46},"end":{"line":75,"column":47}},"loc":{"start":{"line":75,"column":54},"end":{"line":75,"column":86}},"line":75},"8":{"name":"capitalizeFirstLetter","decl":{"start":{"line":85,"column":13},"end":{"line":85,"column":34}},"loc":{"start":{"line":85,"column":43},"end":{"line":87,"column":5}},"line":85},"9":{"name":"updateScoreboard","decl":{"start":{"line":89,"column":13},"end":{"line":89,"column":29}},"loc":{"start":{"line":89,"column":32},"end":{"line":95,"column":5}},"line":89},"10":{"name":"selectChapter","decl":{"start":{"line":97,"column":13},"end":{"line":97,"column":26}},"loc":{"start":{"line":97,"column":36},"end":{"line":104,"column":5}},"line":97},"11":{"name":"(anonymous_11)","decl":{"start":{"line":106,"column":46},"end":{"line":106,"column":47}},"loc":{"start":{"line":106,"column":57},"end":{"line":108,"column":5}},"line":106},"12":{"name":"(anonymous_12)","decl":{"start":{"line":110,"column":42},"end":{"line":110,"column":43}},"loc":{"start":{"line":110,"column":53},"end":{"line":148,"column":5}},"line":110},"13":{"name":"(anonymous_13)","decl":{"start":{"line":150,"column":41},"end":{"line":150,"column":42}},"loc":{"start":{"line":150,"column":52},"end":{"line":166,"column":5}},"line":150},"14":{"name":"(anonymous_14)","decl":{"start":{"line":169,"column":10},"end":{"line":169,"column":11}},"loc":{"start":{"line":169,"column":22},"end":{"line":169,"column":37}},"line":169},"15":{"name":"(anonymous_15)","decl":{"start":{"line":170,"column":10},"end":{"line":170,"column":11}},"loc":{"start":{"line":170,"column":18},"end":{"line":189,"column":5}},"line":170},"16":{"name":"(anonymous_16)","decl":{"start":{"line":190,"column":11},"end":{"line":190,"column":12}},"loc":{"start":{"line":190,"column":20},"end":{"line":190,"column":64}},"line":190},"17":{"name":"(anonymous_17)","decl":{"start":{"line":193,"column":47},"end":{"line":193,"column":48}},"loc":{"start":{"line":193,"column":63},"end":{"line":198,"column":5}},"line":193},"18":{"name":"(anonymous_18)","decl":{"start":{"line":200,"column":45},"end":{"line":200,"column":46}},"loc":{"start":{"line":200,"column":61},"end":{"line":205,"column":5}},"line":200},"19":{"name":"(anonymous_19)","decl":{"start":{"line":207,"column":44},"end":{"line":207,"column":45}},"loc":{"start":{"line":207,"column":60},"end":{"line":212,"column":5}},"line":207},"20":{"name":"(anonymous_20)","decl":{"start":{"line":214,"column":43},"end":{"line":214,"column":44}},"loc":{"start":{"line":214,"column":59},"end":{"line":219,"column":5}},"line":214},"21":{"name":"(anonymous_21)","decl":{"start":{"line":221,"column":45},"end":{"line":221,"column":46}},"loc":{"start":{"line":221,"column":61},"end":{"line":239,"column":5}},"line":221},"22":{"name":"(anonymous_22)","decl":{"start":{"line":241,"column":45},"end":{"line":241,"column":46}},"loc":{"start":{"line":241,"column":61},"end":{"line":263,"column":5}},"line":241}},"branchMap":{"0":{"loc":{"start":{"line":37,"column":12},"end":{"line":39,"column":13}},"type":"if","locations":[{"start":{"line":37,"column":12},"end":{"line":39,"column":13}},{"start":{},"end":{}}],"line":37},"1":{"loc":{"start":{"line":66,"column":15},"end":{"line":66,"column":50}},"type":"binary-expr","locations":[{"start":{"line":66,"column":15},"end":{"line":66,"column":45}},{"start":{"line":66,"column":49},"end":{"line":66,"column":50}}],"line":66},"2":{"loc":{"start":{"line":70,"column":8},"end":{"line":82,"column":9}},"type":"if","locations":[{"start":{"line":70,"column":8},"end":{"line":82,"column":9}},{"start":{"line":73,"column":15},"end":{"line":82,"column":9}}],"line":70},"3":{"loc":{"start":{"line":99,"column":8},"end":{"line":103,"column":9}},"type":"if","locations":[{"start":{"line":99,"column":8},"end":{"line":103,"column":9}},{"start":{},"end":{}}],"line":99},"4":{"loc":{"start":{"line":121,"column":8},"end":{"line":136,"column":9}},"type":"if","locations":[{"start":{"line":121,"column":8},"end":{"line":136,"column":9}},{"start":{"line":130,"column":15},"end":{"line":136,"column":9}}],"line":121},"5":{"loc":{"start":{"line":121,"column":12},"end":{"line":121,"column":64}},"type":"binary-expr","locations":[{"start":{"line":121,"column":12},"end":{"line":121,"column":38}},{"start":{"line":121,"column":42},"end":{"line":121,"column":64}}],"line":121},"6":{"loc":{"start":{"line":127,"column":12},"end":{"line":129,"column":13}},"type":"if","locations":[{"start":{"line":127,"column":12},"end":{"line":129,"column":13}},{"start":{},"end":{}}],"line":127},"7":{"loc":{"start":{"line":154,"column":8},"end":{"line":157,"column":9}},"type":"if","locations":[{"start":{"line":154,"column":8},"end":{"line":157,"column":9}},{"start":{},"end":{}}],"line":154},"8":{"loc":{"start":{"line":172,"column":8},"end":{"line":188,"column":9}},"type":"if","locations":[{"start":{"line":172,"column":8},"end":{"line":188,"column":9}},{"start":{"line":186,"column":15},"end":{"line":188,"column":9}}],"line":172},"9":{"loc":{"start":{"line":180,"column":12},"end":{"line":185,"column":13}},"type":"if","locations":[{"start":{"line":180,"column":12},"end":{"line":185,"column":13}},{"start":{},"end":{}}],"line":180},"10":{"loc":{"start":{"line":194,"column":8},"end":{"line":197,"column":9}},"type":"if","locations":[{"start":{"line":194,"column":8},"end":{"line":197,"column":9}},{"start":{},"end":{}}],"line":194},"11":{"loc":{"start":{"line":201,"column":8},"end":{"line":204,"column":9}},"type":"if","locations":[{"start":{"line":201,"column":8},"end":{"line":204,"column":9}},{"start":{},"end":{}}],"line":201},"12":{"loc":{"start":{"line":208,"column":8},"end":{"line":211,"column":9}},"type":"if","locations":[{"start":{"line":208,"column":8},"end":{"line":211,"column":9}},{"start":{},"end":{}}],"line":208},"13":{"loc":{"start":{"line":215,"column":8},"end":{"line":218,"column":9}},"type":"if","locations":[{"start":{"line":215,"column":8},"end":{"line":218,"column":9}},{"start":{},"end":{}}],"line":215},"14":{"loc":{"start":{"line":215,"column":12},"end":{"line":215,"column":66}},"type":"binary-expr","locations":[{"start":{"line":215,"column":12},"end":{"line":215,"column":37}},{"start":{"line":215,"column":41},"end":{"line":215,"column":66}}],"line":215},"15":{"loc":{"start":{"line":223,"column":8},"end":{"line":238,"column":9}},"type":"if","locations":[{"start":{"line":223,"column":8},"end":{"line":238,"column":9}},{"start":{"line":230,"column":15},"end":{"line":238,"column":9}}],"line":223},"16":{"loc":{"start":{"line":223,"column":12},"end":{"line":223,"column":50}},"type":"binary-expr","locations":[{"start":{"line":223,"column":12},"end":{"line":223,"column":23}},{"start":{"line":223,"column":27},"end":{"line":223,"column":50}}],"line":223},"17":{"loc":{"start":{"line":225,"column":12},"end":{"line":229,"column":13}},"type":"if","locations":[{"start":{"line":225,"column":12},"end":{"line":229,"column":13}},{"start":{},"end":{}}],"line":225},"18":{"loc":{"start":{"line":230,"column":15},"end":{"line":238,"column":9}},"type":"if","locations":[{"start":{"line":230,"column":15},"end":{"line":238,"column":9}},{"start":{"line":236,"column":15},"end":{"line":238,"column":9}}],"line":230},"19":{"loc":{"start":{"line":231,"column":12},"end":{"line":235,"column":13}},"type":"if","locations":[{"start":{"line":231,"column":12},"end":{"line":235,"column":13}},{"start":{},"end":{}}],"line":231},"20":{"loc":{"start":{"line":243,"column":8},"end":{"line":262,"column":9}},"type":"if","locations":[{"start":{"line":243,"column":8},"end":{"line":262,"column":9}},{"start":{"line":253,"column":15},"end":{"line":262,"column":9}}],"line":243},"21":{"loc":{"start":{"line":243,"column":12},"end":{"line":243,"column":48}},"type":"binary-expr","locations":[{"start":{"line":243,"column":12},"end":{"line":243,"column":23}},{"start":{"line":243,"column":27},"end":{"line":243,"column":48}}],"line":243},"22":{"loc":{"start":{"line":245,"column":12},"end":{"line":252,"column":13}},"type":"if","locations":[{"start":{"line":245,"column":12},"end":{"line":252,"column":13}},{"start":{},"end":{}}],"line":245},"23":{"loc":{"start":{"line":247,"column":16},"end":{"line":251,"column":17}},"type":"if","locations":[{"start":{"line":247,"column":16},"end":{"line":251,"column":17}},{"start":{},"end":{}}],"line":247},"24":{"loc":{"start":{"line":253,"column":15},"end":{"line":262,"column":9}},"type":"if","locations":[{"start":{"line":253,"column":15},"end":{"line":262,"column":9}},{"start":{"line":260,"column":15},"end":{"line":262,"column":9}}],"line":253},"25":{"loc":{"start":{"line":253,"column":19},"end":{"line":253,"column":59}},"type":"binary-expr","locations":[{"start":{"line":253,"column":19},"end":{"line":253,"column":32}},{"start":{"line":253,"column":36},"end":{"line":253,"column":59}}],"line":253},"26":{"loc":{"start":{"line":255,"column":12},"end":{"line":259,"column":13}},"type":"if","locations":[{"start":{"line":255,"column":12},"end":{"line":259,"column":13}},{"start":{},"end":{}}],"line":255}},"s":{"0":1,"1":0,"2":0,"3":0,"4":0,"5":0,"6":0,"7":0,"8":0,"9":0,"10":0,"11":0,"12":0,"13":0,"14":0,"15":0,"16":0,"17":0,"18":0,"19":0,"20":0,"21":0,"22":0,"23":0,"24":0,"25":0,"26":0,"27":0,"28":0,"29":0,"30":0,"31":0,"32":0,"33":0,"34":0,"35":0,"36":0,"37":0,"38":0,"39":0,"40":0,"41":0,"42":0,"43":0,"44":0,"45":0,"46":0,"47":0,"48":0,"49":0,"50":0,"51":0,"52":0,"53":0,"54":0,"55":0,"56":0,"57":0,"58":0,"59":0,"60":0,"61":0,"62":0,"63":0,"64":0,"65":0,"66":0,"67":0,"68":0,"69":0,"70":0,"71":0,"72":0,"73":0,"74":0,"75":0,"76":0,"77":0,"78":0,"79":0,"80":0,"81":0,"82":0,"83":0,"84":0,"85":0,"86":0,"87":0,"88":0,"89":0,"90":0,"91":0,"92":0,"93":0,"94":0,"95":0,"96":0,"97":0,"98":0,"99":0,"100":0,"101":0,"102":0,"103":0,"104":0,"105":0,"106":0,"107":0,"108":0,"109":0,"110":0,"111":0,"112":0,"113":0,"114":0,"115":0,"116":0,"117":0,"118":0,"119":0,"120":0,"121":0,"122":0,"123":0,"124":0,"125":0,"126":0,"127":0,"128":0,"129":0,"130":0,"131":0,"132":0,"133":0,"134":0,"135":0,"136":0,"137":0,"138":0,"139":0,"140":0,"141":0,"142":0,"143":0,"144":0,"145":0,"146":0,"147":0,"148":0,"149":0,"150":0},"f":{"0":0,"1":0,"2":0,"3":0,"4":0,"5":0,"6":0,"7":0,"8":0,"9":0,"10":0,"11":0,"12":0,"13":0,"14":0,"15":0,"16":0,"17":0,"18":0,"19":0,"20":0,"21":0,"22":0},"b":{"0":[0,0],"1":[0,0],"2":[0,0],"3":[0,0],"4":[0,0],"5":[0,0],"6":[0,0],"7":[0,0],"8":[0,0],"9":[0,0],"10":[0,0],"11":[0,0],"12":[0,0],"13":[0,0],"14":[0,0],"15":[0,0],"16":[0,0],"17":[0,0],"18":[0,0],"19":[0,0],"20":[0,0],"21":[0,0],"22":[0,0],"23":[0,0],"24":[0,0],"25":[0,0],"26":[0,0]},"_coverageSchema":"1a1c01bbd47fc00a2c39e90264f33305004495a9","hash":"be431048dadaeed41a8d9c716d68f54807b604ab"}
}
