TN:
SF:public/script.js
FN:1,(anonymous_0)
FN:28,setCookie
FN:33,getCookie
FN:45,populateChaptersDropdown
FN:54,populateVersesDropdown
FN:65,getNumberOfVerses
FN:69,displayWord
FN:75,(anonymous_7)
FN:85,capitalizeFirstLetter
FN:89,updateScoreboard
FN:97,selectChapter
FN:106,(anonymous_11)
FN:110,(anonymous_12)
FN:150,(anonymous_13)
FN:169,(anonymous_14)
FN:170,(anonymous_15)
FN:190,(anonymous_16)
FN:193,(anonymous_17)
FN:200,(anonymous_18)
FN:207,(anonymous_19)
FN:214,(anonymous_20)
FN:221,(anonymous_21)
FN:241,(anonymous_22)
FNF:23
FNH:0
FNDA:0,(anonymous_0)
FNDA:0,setCookie
FNDA:0,getCookie
FNDA:0,populateChaptersDropdown
FNDA:0,populateVersesDropdown
FNDA:0,getNumberOfVerses
FNDA:0,displayWord
FNDA:0,(anonymous_7)
FNDA:0,capitalizeFirstLetter
FNDA:0,updateScoreboard
FNDA:0,selectChapter
FNDA:0,(anonymous_11)
FNDA:0,(anonymous_12)
FNDA:0,(anonymous_13)
FNDA:0,(anonymous_14)
FNDA:0,(anonymous_15)
FNDA:0,(anonymous_16)
FNDA:0,(anonymous_17)
FNDA:0,(anonymous_18)
FNDA:0,(anonymous_19)
FNDA:0,(anonymous_20)
FNDA:0,(anonymous_21)
FNDA:0,(anonymous_22)
DA:1,1
DA:2,0
DA:3,0
DA:4,0
DA:5,0
DA:6,0
DA:7,0
DA:8,0
DA:9,0
DA:10,0
DA:20,0
DA:21,0
DA:22,0
DA:23,0
DA:24,0
DA:25,0
DA:29,0
DA:34,0
DA:35,0
DA:36,0
DA:37,0
DA:38,0
DA:41,0
DA:46,0
DA:47,0
DA:48,0
DA:49,0
DA:50,0
DA:55,0
DA:56,0
DA:57,0
DA:58,0
DA:59,0
DA:60,0
DA:61,0
DA:66,0
DA:70,0
DA:72,0
DA:75,0
DA:76,0
DA:77,0
DA:78,0
DA:79,0
DA:86,0
DA:90,0
DA:91,0
DA:92,0
DA:93,0
DA:94,0
DA:98,0
DA:99,0
DA:100,0
DA:101,0
DA:102,0
DA:106,0
DA:107,0
DA:110,0
DA:112,0
DA:114,0
DA:115,0
DA:116,0
DA:117,0
DA:119,0
DA:121,0
DA:122,0
DA:123,0
DA:126,0
DA:127,0
DA:128,0
DA:131,0
DA:135,0
DA:139,0
DA:140,0
DA:141,0
DA:144,0
DA:150,0
DA:152,0
DA:154,0
DA:155,0
DA:156,0
DA:158,0
DA:159,0
DA:162,0
DA:168,0
DA:169,0
DA:171,0
DA:172,0
DA:173,0
DA:174,0
DA:175,0
DA:176,0
DA:179,0
DA:180,0
DA:181,0
DA:182,0
DA:183,0
DA:184,0
DA:187,0
DA:190,0
DA:193,0
DA:194,0
DA:195,0
DA:196,0
DA:200,0
DA:201,0
DA:202,0
DA:203,0
DA:207,0
DA:208,0
DA:209,0
DA:210,0
DA:214,0
DA:215,0
DA:216,0
DA:217,0
DA:221,0
DA:222,0
DA:223,0
DA:224,0
DA:225,0
DA:226,0
DA:227,0
DA:228,0
DA:230,0
DA:231,0
DA:232,0
DA:233,0
DA:234,0
DA:237,0
DA:241,0
DA:242,0
DA:243,0
DA:244,0
DA:245,0
DA:246,0
DA:247,0
DA:248,0
DA:249,0
DA:250,0
DA:253,0
DA:254,0
DA:255,0
DA:256,0
DA:257,0
DA:258,0
DA:261,0
DA:268,0
DA:269,0
LF:148
LH:1
BRDA:37,0,0,0
BRDA:37,0,1,0
BRDA:66,1,0,0
BRDA:66,1,1,0
BRDA:70,2,0,0
BRDA:70,2,1,0
BRDA:99,3,0,0
BRDA:99,3,1,0
BRDA:121,4,0,0
BRDA:121,4,1,0
BRDA:121,5,0,0
BRDA:121,5,1,0
BRDA:127,6,0,0
BRDA:127,6,1,0
BRDA:154,7,0,0
BRDA:154,7,1,0
BRDA:172,8,0,0
BRDA:172,8,1,0
BRDA:180,9,0,0
BRDA:180,9,1,0
BRDA:194,10,0,0
BRDA:194,10,1,0
BRDA:201,11,0,0
BRDA:201,11,1,0
BRDA:208,12,0,0
BRDA:208,12,1,0
BRDA:215,13,0,0
BRDA:215,13,1,0
BRDA:215,14,0,0
BRDA:215,14,1,0
BRDA:223,15,0,0
BRDA:223,15,1,0
BRDA:223,16,0,0
BRDA:223,16,1,0
BRDA:225,17,0,0
BRDA:225,17,1,0
BRDA:230,18,0,0
BRDA:230,18,1,0
BRDA:231,19,0,0
BRDA:231,19,1,0
BRDA:243,20,0,0
BRDA:243,20,1,0
BRDA:243,21,0,0
BRDA:243,21,1,0
BRDA:245,22,0,0
BRDA:245,22,1,0
BRDA:247,23,0,0
BRDA:247,23,1,0
BRDA:253,24,0,0
BRDA:253,24,1,0
BRDA:253,25,0,0
BRDA:253,25,1,0
BRDA:255,26,0,0
BRDA:255,26,1,0
BRF:54
BRH:0
end_of_record
